<?xml version="1.0" encoding="UTF-8"?>
<!-- Generated by org.testng.reporters.JUnitXMLReporter -->
<testsuite ignored="0" hostname="DESKTOP-4DS910L" failures="0" tests="3" name="Default test" time="19.385" errors="0" timestamp="2024-12-28T21:30:38 IST">
  <testcase classname="testscript.TestSample" name="display" time="0.016"/>
  <testcase classname="testscript.TestSample" name="print" time="0.003"/>
  <testcase classname="testscript.TestSample" name="show" time="0.005"/>
</testsuite> <!-- Default test -->
